<?xml version="1.0" encoding="UTF-8"?>
<!-- Generated by org.testng.reporters.JUnitReportReporter -->
<testsuite hostname="LTIN467899" failures="0" tests="4" name="testCase.TC001_AccountRegistrationTest" time="26.444" errors="0" timestamp="2025-04-04T23:15:15 IST" skipped="0">
  <testcase classname="testCase.TC001_AccountRegistrationTest" name="verify_account_registration" time="3.656"/>
  <testcase classname="testCase.TC001_AccountRegistrationTest" name="verify_account_registration" time="6.522"/>
  <testcase classname="testCase.TC001_AccountRegistrationTest" name="verify_account_registration" time="8.194"/>
  <testcase classname="testCase.TC001_AccountRegistrationTest" name="verify_account_registration" time="8.072"/>
</testsuite> <!-- testCase.TC001_AccountRegistrationTest -->
