<?xml version="1.0" encoding="UTF-8"?>
<!-- Generated by org.testng.reporters.JUnitReportReporter -->
<testsuite hostname="LTIN467899" failures="0" tests="1" name="testCase.TC002_LoginTest" time="1.888" errors="0" timestamp="2025-04-04T22:59:33 IST" skipped="0">
  <testcase classname="testCase.TC002_LoginTest" name="verify_login" time="1.888"/>
</testsuite> <!-- testCase.TC002_LoginTest -->
